# JRE version: OpenJDK Runtime Environment (8.0_152-b01) (build 1.8.0_152-release-915-b01)
# Java VM: OpenJDK 64-Bit Server VM (25.152-b01 mixed mode windows-amd64 compressed oops)
Heap:
 PSYoungGen      total 221696K, used 221685K [0x00000000e0000000, 0x00000000ef200000, 0x0000000100000000)
  eden space 202752K, 100% used [0x00000000e0000000,0x00000000ec600000,0x00000000ec600000)
  from space 18944K, 99% used [0x00000000ede00000,0x00000000ef07d4c8,0x00000000ef080000)
  to   space 22528K, 18% used [0x00000000ec600000,0x00000000eca00050,0x00000000edc00000)
 ParOldGen       total 136192K, used 51735K [0x00000000a0000000, 0x00000000a8500000, 0x00000000e0000000)
  object space 136192K, 37% used [0x00000000a0000000,0x00000000a3287e40,0x00000000a8500000)
 Metaspace       used 71138K, capacity 73970K, committed 74328K, reserved 1114112K
  class space    used 9098K, capacity 9752K, committed 9856K, reserved 1048576K
GC Heap History (10 events):
Event: 15.758 GC heap after
Heap after GC invocations=13 (full 2):
 PSYoungGen      total 151040K, used 11340K [0x00000000e0000000, 0x00000000eca00000, 0x0000000100000000)
  eden space 139264K, 0% used [0x00000000e0000000,0x00000000e0000000,0x00000000e8800000)
  from space 11776K, 96% used [0x00000000e8800000,0x00000000e9313268,0x00000000e9380000)
  to   space 12800K, 0% used [0x00000000ebd80000,0x00000000ebd80000,0x00000000eca00000)
 ParOldGen       total 83968K, used 20694K [0x00000000a0000000, 0x00000000a5200000, 0x00000000e0000000)
  object space 83968K, 24% used [0x00000000a0000000,0x00000000a1435890,0x00000000a5200000)
 Metaspace       used 50456K, capacity 52040K, committed 52312K, reserved 1093632K
  class space    used 6804K, capacity 7189K, committed 7296K, reserved 1048576K
}
Event: 19.811 GC heap before
{Heap before GC invocations=14 (full 2):
 PSYoungGen      total 151040K, used 124564K [0x00000000e0000000, 0x00000000eca00000, 0x0000000100000000)
  eden space 139264K, 81% used [0x00000000e0000000,0x00000000e6e91e80,0x00000000e8800000)
  from space 11776K, 96% used [0x00000000e8800000,0x00000000e9313268,0x00000000e9380000)
  to   space 12800K, 0% used [0x00000000ebd80000,0x00000000ebd80000,0x00000000eca00000)
 ParOldGen       total 83968K, used 20694K [0x00000000a0000000, 0x00000000a5200000, 0x00000000e0000000)
  object space 83968K, 24% used [0x00000000a0000000,0x00000000a1435890,0x00000000a5200000)
 Metaspace       used 57182K, capacity 58924K, committed 59028K, reserved 1099776K
  class space    used 7709K, capacity 8171K, committed 8192K, reserved 1048576K
Event: 19.846 GC heap after
Heap after GC invocations=14 (full 2):
 PSYoungGen      total 189952K, used 12778K [0x00000000e0000000, 0x00000000ed700000, 0x0000000100000000)
  eden space 177152K, 0% used [0x00000000e0000000,0x00000000e0000000,0x00000000ead00000)
  from space 12800K, 99% used [0x00000000ebd80000,0x00000000ec9fa920,0x00000000eca00000)
  to   space 16896K, 0% used [0x00000000ead00000,0x00000000ead00000,0x00000000ebd80000)
 ParOldGen       total 83968K, used 27779K [0x00000000a0000000, 0x00000000a5200000, 0x00000000e0000000)
  object space 83968K, 33% used [0x00000000a0000000,0x00000000a1b20cf0,0x00000000a5200000)
 Metaspace       used 57182K, capacity 58924K, committed 59028K, reserved 1099776K
  class space    used 7709K, capacity 8171K, committed 8192K, reserved 1048576K
}
Event: 19.846 GC heap before
{Heap before GC invocations=15 (full 3):
 PSYoungGen      total 189952K, used 12778K [0x00000000e0000000, 0x00000000ed700000, 0x0000000100000000)
  eden space 177152K, 0% used [0x00000000e0000000,0x00000000e0000000,0x00000000ead00000)
  from space 12800K, 99% used [0x00000000ebd80000,0x00000000ec9fa920,0x00000000eca00000)
  to   space 16896K, 0% used [0x00000000ead00000,0x00000000ead00000,0x00000000ebd80000)
 ParOldGen       total 83968K, used 27779K [0x00000000a0000000, 0x00000000a5200000, 0x00000000e0000000)
  object space 83968K, 33% used [0x00000000a0000000,0x00000000a1b20cf0,0x00000000a5200000)
 Metaspace       used 57182K, capacity 58924K, committed 59028K, reserved 1099776K
  class space    used 7709K, capacity 8171K, committed 8192K, reserved 1048576K
Event: 20.758 GC heap after
Heap after GC invocations=15 (full 3):
 PSYoungGen      total 189952K, used 0K [0x00000000e0000000, 0x00000000ed700000, 0x0000000100000000)
  eden space 177152K, 0% used [0x00000000e0000000,0x00000000e0000000,0x00000000ead00000)
  from space 12800K, 0% used [0x00000000ebd80000,0x00000000ebd80000,0x00000000eca00000)
  to   space 16896K, 0% used [0x00000000ead00000,0x00000000ead00000,0x00000000ebd80000)
 ParOldGen       total 136192K, used 38662K [0x00000000a0000000, 0x00000000a8500000, 0x00000000e0000000)
  object space 136192K, 28% used [0x00000000a0000000,0x00000000a25c1880,0x00000000a8500000)
 Metaspace       used 57182K, capacity 58924K, committed 59028K, reserved 1099776K
  class space    used 7709K, capacity 8171K, committed 8192K, reserved 1048576K
}
Event: 28.238 GC heap before
{Heap before GC invocations=16 (full 3):
 PSYoungGen      total 189952K, used 177152K [0x00000000e0000000, 0x00000000ed700000, 0x0000000100000000)
  eden space 177152K, 100% used [0x00000000e0000000,0x00000000ead00000,0x00000000ead00000)
  from space 12800K, 0% used [0x00000000ebd80000,0x00000000ebd80000,0x00000000eca00000)
  to   space 16896K, 0% used [0x00000000ead00000,0x00000000ead00000,0x00000000ebd80000)
 ParOldGen       total 136192K, used 38662K [0x00000000a0000000, 0x00000000a8500000, 0x00000000e0000000)
  object space 136192K, 28% used [0x00000000a0000000,0x00000000a25c1880,0x00000000a8500000)
 Metaspace       used 64613K, capacity 66618K, committed 66776K, reserved 1107968K
  class space    used 8486K, capacity 8944K, committed 8960K, reserved 1048576K
Event: 28.271 GC heap after
Heap after GC invocations=16 (full 3):
 PSYoungGen      total 194048K, used 15692K [0x00000000e0000000, 0x00000000ef080000, 0x0000000100000000)
  eden space 177152K, 0% used [0x00000000e0000000,0x00000000e0000000,0x00000000ead00000)
  from space 16896K, 92% used [0x00000000ead00000,0x00000000ebc532f0,0x00000000ebd80000)
  to   space 18944K, 0% used [0x00000000ede00000,0x00000000ede00000,0x00000000ef080000)
 ParOldGen       total 136192K, used 38670K [0x00000000a0000000, 0x00000000a8500000, 0x00000000e0000000)
  object space 136192K, 28% used [0x00000000a0000000,0x00000000a25c3880,0x00000000a8500000)
 Metaspace       used 64613K, capacity 66618K, committed 66776K, reserved 1107968K
  class space    used 8486K, capacity 8944K, committed 8960K, reserved 1048576K
}
Event: 390.777 GC heap before
{Heap before GC invocations=17 (full 3):
 PSYoungGen      total 194048K, used 192844K [0x00000000e0000000, 0x00000000ef080000, 0x0000000100000000)
  eden space 177152K, 100% used [0x00000000e0000000,0x00000000ead00000,0x00000000ead00000)
  from space 16896K, 92% used [0x00000000ead00000,0x00000000ebc532f0,0x00000000ebd80000)
  to   space 18944K, 0% used [0x00000000ede00000,0x00000000ede00000,0x00000000ef080000)
 ParOldGen       total 136192K, used 38670K [0x00000000a0000000, 0x00000000a8500000, 0x00000000e0000000)
  object space 136192K, 28% used [0x00000000a0000000,0x00000000a25c3880,0x00000000a8500000)
 Metaspace       used 70341K, capacity 73024K, committed 73176K, reserved 1112064K
  class space    used 9077K, capacity 9695K, committed 9728K, reserved 1048576K
Event: 390.846 GC heap after
Heap after GC invocations=17 (full 3):
 PSYoungGen      total 221696K, used 18933K [0x00000000e0000000, 0x00000000ef200000, 0x0000000100000000)
  eden space 202752K, 0% used [0x00000000e0000000,0x00000000e0000000,0x00000000ec600000)
  from space 18944K, 99% used [0x00000000ede00000,0x00000000ef07d4c8,0x00000000ef080000)
  to   space 22528K, 0% used [0x00000000ec600000,0x00000000ec600000,0x00000000edc00000)
 ParOldGen       total 136192K, used 40941K [0x00000000a0000000, 0x00000000a8500000, 0x00000000e0000000)
  object space 136192K, 30% used [0x00000000a0000000,0x00000000a27fb5e8,0x00000000a8500000)
 Metaspace       used 70341K, capacity 73024K, committed 73176K, reserved 1112064K
  class space    used 9077K, capacity 9695K, committed 9728K, reserved 1048576K
}
Event: 1849.020 GC heap before
{Heap before GC invocations=18 (full 3):
 PSYoungGen      total 221696K, used 221685K [0x00000000e0000000, 0x00000000ef200000, 0x0000000100000000)
  eden space 202752K, 100% used [0x00000000e0000000,0x00000000ec600000,0x00000000ec600000)
  from space 18944K, 99% used [0x00000000ede00000,0x00000000ef07d4c8,0x00000000ef080000)
  to   space 22528K, 0% used [0x00000000ec600000,0x00000000ec600000,0x00000000edc00000)
 ParOldGen       total 136192K, used 40941K [0x00000000a0000000, 0x00000000a8500000, 0x00000000e0000000)
  object space 136192K, 30% used [0x00000000a0000000,0x00000000a27fb5e8,0x00000000a8500000)
 Metaspace       used 71138K, capacity 73970K, committed 74328K, reserved 1114112K
  class space    used 9098K, capacity 9752K, committed 9856K, reserved 1048576K

